0 info it worked if it ends with ok
1 verbose cli [ 'C:\\Program Files\\nodejs\\\\node.exe',
1 verbose cli   'C:\\Program Files\\nodejs\\node_modules\\npm\\bin\\npm-cli.js',
1 verbose cli   'install',
1 verbose cli   'formidable' ]
2 info using npm@1.3.11
3 info using node@v0.10.19
4 verbose node symlink C:\Program Files\nodejs\\node.exe
5 verbose cache add [ 'formidable', null ]
6 verbose cache add name=undefined spec="formidable" args=["formidable",null]
7 verbose parsed url { protocol: null,
7 verbose parsed url   slashes: null,
7 verbose parsed url   auth: null,
7 verbose parsed url   host: null,
7 verbose parsed url   port: null,
7 verbose parsed url   hostname: null,
7 verbose parsed url   hash: null,
7 verbose parsed url   search: null,
7 verbose parsed url   query: null,
7 verbose parsed url   pathname: 'formidable',
7 verbose parsed url   path: 'formidable',
7 verbose parsed url   href: 'formidable' }
8 silly lockFile 8fdd0b7c-formidable formidable
9 verbose lock formidable C:\Users\vm1\AppData\Roaming\npm-cache\8fdd0b7c-formidable.lock
10 silly lockFile 8fdd0b7c-formidable formidable
11 silly lockFile 8fdd0b7c-formidable formidable
12 verbose addNamed [ 'formidable', '' ]
13 verbose addNamed [ null, '*' ]
14 silly lockFile fedfde19-formidable formidable@
15 verbose lock formidable@ C:\Users\vm1\AppData\Roaming\npm-cache\fedfde19-formidable.lock
16 silly addNameRange { name: 'formidable', range: '*', hasData: false }
17 verbose url raw formidable
18 verbose url resolving [ 'https://registry.npmjs.org/', './formidable' ]
19 verbose url resolved https://registry.npmjs.org/formidable
20 info trying registry request attempt 1 at 20:22:12
21 http GET https://registry.npmjs.org/formidable
22 info retry will retry, error on last attempt: Error: CERT_UNTRUSTED
23 info trying registry request attempt 2 at 20:22:23
24 http GET https://registry.npmjs.org/formidable
25 info retry will retry, error on last attempt: Error: CERT_UNTRUSTED
26 info trying registry request attempt 3 at 20:23:23
27 http GET https://registry.npmjs.org/formidable
28 silly lockFile fedfde19-formidable formidable@
29 silly lockFile fedfde19-formidable formidable@
30 error Error: CERT_UNTRUSTED
30 error     at SecurePair.<anonymous> (tls.js:1357:32)
30 error     at SecurePair.EventEmitter.emit (events.js:92:17)
30 error     at SecurePair.maybeInitFinished (tls.js:969:10)
30 error     at CleartextStream.read [as _read] (tls.js:463:15)
30 error     at CleartextStream.Readable.read (_stream_readable.js:320:10)
30 error     at EncryptedStream.write [as _write] (tls.js:366:25)
30 error     at doWrite (_stream_writable.js:221:10)
30 error     at writeOrBuffer (_stream_writable.js:211:5)
30 error     at EncryptedStream.Writable.write (_stream_writable.js:180:11)
30 error     at write (_stream_readable.js:583:24)
31 error If you need help, you may report this log at:
31 error     <http://github.com/isaacs/npm/issues>
31 error or email it to:
31 error     <npm-@googlegroups.com>
32 error System Windows_NT 6.1.7601
33 error command "C:\\Program Files\\nodejs\\\\node.exe" "C:\\Program Files\\nodejs\\node_modules\\npm\\bin\\npm-cli.js" "install" "formidable"
34 error cwd D:\nodejs
35 error node -v v0.10.19
36 error npm -v 1.3.11
37 verbose exit [ 1, true ]
